<?xml version="1.0" encoding="UTF-8"?>
<!-- Generated by org.testng.reporters.JUnitReportReporter -->
<testsuite skipped="0" hostname="DESKTOP-13RKBDN" name="com.leafBot.testcases.TC001_Login" tests="2" failures="0" timestamp="11 Aug 2019 10:06:59 GMT" time="15.620" errors="0">
  <testcase name="runLogin" time="7.767" classname="com.leafBot.testcases.TC001_Login"/>
  <testcase name="runLogin" time="7.853" classname="com.leafBot.testcases.TC001_Login"/>
</testsuite> <!-- com.leafBot.testcases.TC001_Login -->
